{"/Users/jimmullen/CascadeProjects/pinelands-wildfire-app/app/components/WildfireRiskMap.tsx": {"path":"/Users/jimmullen/CascadeProjects/pinelands-wildfire-app/app/components/WildfireRiskMap.tsx","statementMap":{"0":{"start":{"line":36,"column":24},"end":{"line":36,"column":62}},"1":{"start":{"line":37,"column":32},"end":{"line":37,"column":93}},"2":{"start":{"line":38,"column":32},"end":{"line":38,"column":46}},"3":{"start":{"line":39,"column":34},"end":{"line":39,"column":60}},"4":{"start":{"line":40,"column":46},"end":{"line":40,"column":80}},"5":{"start":{"line":41,"column":42},"end":{"line":41,"column":71}},"6":{"start":{"line":42,"column":42},"end":{"line":42,"column":73}},"7":{"start":{"line":43,"column":54},"end":{"line":43,"column":69}},"8":{"start":{"line":44,"column":50},"end":{"line":48,"column":4}},"9":{"start":{"line":50,"column":2},"end":{"line":107,"column":9}},"10":{"start":{"line":52,"column":20},"end":{"line":95,"column":5}},"11":{"start":{"line":53,"column":25},"end":{"line":53,"column":60}},"12":{"start":{"line":54,"column":6},"end":{"line":54,"column":30}},"13":{"start":{"line":54,"column":23},"end":{"line":54,"column":30}},"14":{"start":{"line":56,"column":25},"end":{"line":67,"column":7}},"15":{"start":{"line":69,"column":21},"end":{"line":69,"column":71}},"16":{"start":{"line":70,"column":6},"end":{"line":70,"column":21}},"17":{"start":{"line":73,"column":27},"end":{"line":93,"column":8}},"18":{"start":{"line":94,"column":6},"end":{"line":94,"column":31}},"19":{"start":{"line":97,"column":20},"end":{"line":104,"column":5}},"20":{"start":{"line":98,"column":6},"end":{"line":102,"column":7}},"21":{"start":{"line":99,"column":8},"end":{"line":99,"column":24}},"22":{"start":{"line":100,"column":8},"end":{"line":100,"column":26}},"23":{"start":{"line":101,"column":8},"end":{"line":101,"column":20}},"24":{"start":{"line":103,"column":6},"end":{"line":103,"column":19}},"25":{"start":{"line":106,"column":4},"end":{"line":106,"column":14}},"26":{"start":{"line":109,"column":2},"end":{"line":189,"column":21}},"27":{"start":{"line":110,"column":4},"end":{"line":110,"column":33}},"28":{"start":{"line":110,"column":26},"end":{"line":110,"column":33}},"29":{"start":{"line":112,"column":27},"end":{"line":186,"column":5}},"30":{"start":{"line":113,"column":6},"end":{"line":185,"column":7}},"31":{"start":{"line":115,"column":24},"end":{"line":115,"column":60}},"32":{"start":{"line":116,"column":8},"end":{"line":116,"column":35}},"33":{"start":{"line":117,"column":8},"end":{"line":117,"column":30}},"34":{"start":{"line":120,"column":21},"end":{"line":120,"column":41}},"35":{"start":{"line":121,"column":28},"end":{"line":121,"column":67}},"36":{"start":{"line":122,"column":8},"end":{"line":122,"column":33}},"37":{"start":{"line":125,"column":28},"end":{"line":130,"column":9}},"38":{"start":{"line":126,"column":10},"end":{"line":129,"column":13}},"39":{"start":{"line":126,"column":27},"end":{"line":129,"column":11}},"40":{"start":{"line":132,"column":8},"end":{"line":132,"column":37}},"41":{"start":{"line":135,"column":30},"end":{"line":173,"column":9}},"42":{"start":{"line":136,"column":25},"end":{"line":136,"column":33}},"43":{"start":{"line":137,"column":10},"end":{"line":137,"column":30}},"44":{"start":{"line":137,"column":23},"end":{"line":137,"column":30}},"45":{"start":{"line":139,"column":29},"end":{"line":139,"column":41}},"46":{"start":{"line":140,"column":29},"end":{"line":140,"column":41}},"47":{"start":{"line":143,"column":23},"end":{"line":147,"column":12}},"48":{"start":{"line":144,"column":28},"end":{"line":144,"column":59}},"49":{"start":{"line":145,"column":28},"end":{"line":145,"column":59}},"50":{"start":{"line":146,"column":12},"end":{"line":146,"column":52}},"51":{"start":{"line":149,"column":10},"end":{"line":149,"column":40}},"52":{"start":{"line":151,"column":10},"end":{"line":172,"column":11}},"53":{"start":{"line":153,"column":30},"end":{"line":161,"column":14}},"54":{"start":{"line":164,"column":35},"end":{"line":169,"column":13}},"55":{"start":{"line":165,"column":14},"end":{"line":168,"column":17}},"56":{"start":{"line":165,"column":31},"end":{"line":168,"column":15}},"57":{"start":{"line":171,"column":12},"end":{"line":171,"column":44}},"58":{"start":{"line":176,"column":25},"end":{"line":176,"column":73}},"59":{"start":{"line":178,"column":8},"end":{"line":180,"column":10}},"60":{"start":{"line":179,"column":10},"end":{"line":179,"column":28}},"61":{"start":{"line":182,"column":8},"end":{"line":182,"column":58}},"62":{"start":{"line":183,"column":8},"end":{"line":183,"column":96}},"63":{"start":{"line":184,"column":8},"end":{"line":184,"column":24}},"64":{"start":{"line":188,"column":4},"end":{"line":188,"column":21}},"65":{"start":{"line":191,"column":2},"end":{"line":330,"column":4}},"66":{"start":{"line":271,"column":35},"end":{"line":271,"column":114}},"67":{"start":{"line":271,"column":64},"end":{"line":271,"column":112}},"68":{"start":{"line":283,"column":35},"end":{"line":283,"column":118}},"69":{"start":{"line":283,"column":64},"end":{"line":283,"column":116}},"70":{"start":{"line":295,"column":35},"end":{"line":295,"column":113}},"71":{"start":{"line":295,"column":64},"end":{"line":295,"column":111}},"72":{"start":{"line":301,"column":31},"end":{"line":301,"column":73}}},"fnMap":{"0":{"name":"WildfireRiskMap","decl":{"start":{"line":35,"column":24},"end":{"line":35,"column":39}},"loc":{"start":{"line":35,"column":42},"end":{"line":331,"column":1}},"line":35},"1":{"name":"(anonymous_1)","decl":{"start":{"line":50,"column":12},"end":{"line":50,"column":13}},"loc":{"start":{"line":50,"column":18},"end":{"line":107,"column":3}},"line":50},"2":{"name":"(anonymous_2)","decl":{"start":{"line":52,"column":20},"end":{"line":52,"column":21}},"loc":{"start":{"line":52,"column":26},"end":{"line":95,"column":5}},"line":52},"3":{"name":"(anonymous_3)","decl":{"start":{"line":97,"column":20},"end":{"line":97,"column":21}},"loc":{"start":{"line":97,"column":32},"end":{"line":104,"column":5}},"line":97},"4":{"name":"(anonymous_4)","decl":{"start":{"line":109,"column":12},"end":{"line":109,"column":13}},"loc":{"start":{"line":109,"column":18},"end":{"line":189,"column":3}},"line":109},"5":{"name":"(anonymous_5)","decl":{"start":{"line":112,"column":27},"end":{"line":112,"column":28}},"loc":{"start":{"line":112,"column":39},"end":{"line":186,"column":5}},"line":112},"6":{"name":"(anonymous_6)","decl":{"start":{"line":125,"column":48},"end":{"line":125,"column":49}},"loc":{"start":{"line":126,"column":10},"end":{"line":129,"column":13}},"line":126},"7":{"name":"(anonymous_7)","decl":{"start":{"line":126,"column":18},"end":{"line":126,"column":19}},"loc":{"start":{"line":126,"column":27},"end":{"line":129,"column":11}},"line":126},"8":{"name":"(anonymous_8)","decl":{"start":{"line":135,"column":30},"end":{"line":135,"column":31}},"loc":{"start":{"line":135,"column":98},"end":{"line":173,"column":9}},"line":135},"9":{"name":"(anonymous_9)","decl":{"start":{"line":143,"column":47},"end":{"line":143,"column":48}},"loc":{"start":{"line":143,"column":55},"end":{"line":147,"column":11}},"line":143},"10":{"name":"(anonymous_10)","decl":{"start":{"line":164,"column":53},"end":{"line":164,"column":54}},"loc":{"start":{"line":165,"column":14},"end":{"line":168,"column":17}},"line":165},"11":{"name":"(anonymous_11)","decl":{"start":{"line":165,"column":22},"end":{"line":165,"column":23}},"loc":{"start":{"line":165,"column":31},"end":{"line":168,"column":15}},"line":165},"12":{"name":"(anonymous_12)","decl":{"start":{"line":178,"column":15},"end":{"line":178,"column":16}},"loc":{"start":{"line":178,"column":21},"end":{"line":180,"column":9}},"line":178},"13":{"name":"(anonymous_13)","decl":{"start":{"line":184,"column":15},"end":{"line":184,"column":16}},"loc":{"start":{"line":184,"column":21},"end":{"line":184,"column":23}},"line":184},"14":{"name":"(anonymous_14)","decl":{"start":{"line":271,"column":28},"end":{"line":271,"column":29}},"loc":{"start":{"line":271,"column":35},"end":{"line":271,"column":114}},"line":271},"15":{"name":"(anonymous_15)","decl":{"start":{"line":271,"column":55},"end":{"line":271,"column":56}},"loc":{"start":{"line":271,"column":64},"end":{"line":271,"column":112}},"line":271},"16":{"name":"(anonymous_16)","decl":{"start":{"line":283,"column":28},"end":{"line":283,"column":29}},"loc":{"start":{"line":283,"column":35},"end":{"line":283,"column":118}},"line":283},"17":{"name":"(anonymous_17)","decl":{"start":{"line":283,"column":55},"end":{"line":283,"column":56}},"loc":{"start":{"line":283,"column":64},"end":{"line":283,"column":116}},"line":283},"18":{"name":"(anonymous_18)","decl":{"start":{"line":295,"column":28},"end":{"line":295,"column":29}},"loc":{"start":{"line":295,"column":35},"end":{"line":295,"column":113}},"line":295},"19":{"name":"(anonymous_19)","decl":{"start":{"line":295,"column":55},"end":{"line":295,"column":56}},"loc":{"start":{"line":295,"column":64},"end":{"line":295,"column":111}},"line":295},"20":{"name":"(anonymous_20)","decl":{"start":{"line":301,"column":25},"end":{"line":301,"column":26}},"loc":{"start":{"line":301,"column":31},"end":{"line":301,"column":73}},"line":301}},"branchMap":{"0":{"loc":{"start":{"line":54,"column":6},"end":{"line":54,"column":30}},"type":"if","locations":[{"start":{"line":54,"column":6},"end":{"line":54,"column":30}},{"start":{},"end":{}}],"line":54},"1":{"loc":{"start":{"line":98,"column":6},"end":{"line":102,"column":7}},"type":"if","locations":[{"start":{"line":98,"column":6},"end":{"line":102,"column":7}},{"start":{},"end":{}}],"line":98},"2":{"loc":{"start":{"line":98,"column":10},"end":{"line":98,"column":45}},"type":"binary-expr","locations":[{"start":{"line":98,"column":10},"end":{"line":98,"column":23}},{"start":{"line":98,"column":27},"end":{"line":98,"column":45}}],"line":98},"3":{"loc":{"start":{"line":110,"column":4},"end":{"line":110,"column":33}},"type":"if","locations":[{"start":{"line":110,"column":4},"end":{"line":110,"column":33}},{"start":{},"end":{}}],"line":110},"4":{"loc":{"start":{"line":110,"column":8},"end":{"line":110,"column":24}},"type":"binary-expr","locations":[{"start":{"line":110,"column":8},"end":{"line":110,"column":12}},{"start":{"line":110,"column":16},"end":{"line":110,"column":24}}],"line":110},"5":{"loc":{"start":{"line":137,"column":10},"end":{"line":137,"column":30}},"type":"if","locations":[{"start":{"line":137,"column":10},"end":{"line":137,"column":30}},{"start":{},"end":{}}],"line":137},"6":{"loc":{"start":{"line":146,"column":19},"end":{"line":146,"column":51}},"type":"binary-expr","locations":[{"start":{"line":146,"column":19},"end":{"line":146,"column":33}},{"start":{"line":146,"column":37},"end":{"line":146,"column":51}}],"line":146},"7":{"loc":{"start":{"line":149,"column":26},"end":{"line":149,"column":38}},"type":"binary-expr","locations":[{"start":{"line":149,"column":26},"end":{"line":149,"column":30}},{"start":{"line":149,"column":34},"end":{"line":149,"column":38}}],"line":149},"8":{"loc":{"start":{"line":151,"column":10},"end":{"line":172,"column":11}},"type":"if","locations":[{"start":{"line":151,"column":10},"end":{"line":172,"column":11}},{"start":{},"end":{}}],"line":151},"9":{"loc":{"start":{"line":151,"column":14},"end":{"line":151,"column":40}},"type":"binary-expr","locations":[{"start":{"line":151,"column":14},"end":{"line":151,"column":18}},{"start":{"line":151,"column":22},"end":{"line":151,"column":40}}],"line":151},"10":{"loc":{"start":{"line":167,"column":24},"end":{"line":167,"column":65}},"type":"cond-expr","locations":[{"start":{"line":167,"column":39},"end":{"line":167,"column":40}},{"start":{"line":167,"column":43},"end":{"line":167,"column":65}}],"line":167},"11":{"loc":{"start":{"line":183,"column":24},"end":{"line":183,"column":94}},"type":"cond-expr","locations":[{"start":{"line":183,"column":49},"end":{"line":183,"column":62}},{"start":{"line":183,"column":65},"end":{"line":183,"column":94}}],"line":183},"12":{"loc":{"start":{"line":193,"column":7},"end":{"line":328,"column":7}},"type":"cond-expr","locations":[{"start":{"line":194,"column":8},"end":{"line":196,"column":14}},{"start":{"line":198,"column":8},"end":{"line":327,"column":11}}],"line":193},"13":{"loc":{"start":{"line":214,"column":13},"end":{"line":257,"column":13}},"type":"cond-expr","locations":[{"start":{"line":215,"column":14},"end":{"line":215,"column":72}},{"start":{"line":217,"column":14},"end":{"line":256,"column":17}}],"line":214},"14":{"loc":{"start":{"line":218,"column":17},"end":{"line":228,"column":17}},"type":"binary-expr","locations":[{"start":{"line":218,"column":17},"end":{"line":218,"column":31}},{"start":{"line":219,"column":18},"end":{"line":227,"column":24}}],"line":218},"15":{"loc":{"start":{"line":229,"column":17},"end":{"line":243,"column":17}},"type":"binary-expr","locations":[{"start":{"line":229,"column":17},"end":{"line":229,"column":36}},{"start":{"line":230,"column":18},"end":{"line":242,"column":24}}],"line":229},"16":{"loc":{"start":{"line":235,"column":21},"end":{"line":241,"column":21}},"type":"binary-expr","locations":[{"start":{"line":235,"column":21},"end":{"line":235,"column":35}},{"start":{"line":236,"column":22},"end":{"line":240,"column":35}}],"line":235},"17":{"loc":{"start":{"line":244,"column":17},"end":{"line":255,"column":17}},"type":"binary-expr","locations":[{"start":{"line":244,"column":17},"end":{"line":244,"column":29}},{"start":{"line":245,"column":18},"end":{"line":254,"column":24}}],"line":244},"18":{"loc":{"start":{"line":304,"column":17},"end":{"line":304,"column":53}},"type":"cond-expr","locations":[{"start":{"line":304,"column":38},"end":{"line":304,"column":44}},{"start":{"line":304,"column":47},"end":{"line":304,"column":53}}],"line":304}},"s":{"0":4,"1":3,"2":3,"3":3,"4":3,"5":3,"6":3,"7":3,"8":3,"9":3,"10":2,"11":2,"12":2,"13":2,"14":0,"15":0,"16":0,"17":0,"18":0,"19":2,"20":2,"21":2,"22":2,"23":2,"24":0,"25":2,"26":3,"27":2,"28":2,"29":0,"30":0,"31":0,"32":0,"33":0,"34":0,"35":0,"36":0,"37":0,"38":0,"39":0,"40":0,"41":0,"42":0,"43":0,"44":0,"45":0,"46":0,"47":0,"48":0,"49":0,"50":0,"51":0,"52":0,"53":0,"54":0,"55":0,"56":0,"57":0,"58":0,"59":0,"60":0,"61":0,"62":0,"63":0,"64":0,"65":3,"66":0,"67":0,"68":0,"69":0,"70":0,"71":0,"72":0},"f":{"0":4,"1":2,"2":2,"3":2,"4":2,"5":0,"6":0,"7":0,"8":0,"9":0,"10":0,"11":0,"12":0,"13":0,"14":0,"15":0,"16":0,"17":0,"18":0,"19":0,"20":0},"b":{"0":[2,0],"1":[2,0],"2":[2,2],"3":[2,0],"4":[2,0],"5":[0,0],"6":[0,0],"7":[0,0],"8":[0,0],"9":[0,0],"10":[0,0],"11":[0,0],"12":[2,1],"13":[0,1],"14":[1,0],"15":[1,0],"16":[0,0],"17":[1,0],"18":[0,1]},"_coverageSchema":"1a1c01bbd47fc00a2c39e90264f33305004495a9","hash":"867fccf473c4ebec44321d1160075462d2c0fb11"}
,"/Users/jimmullen/CascadeProjects/pinelands-wildfire-app/app/data/wildfires.ts": {"path":"/Users/jimmullen/CascadeProjects/pinelands-wildfire-app/app/data/wildfires.ts","statementMap":{"0":{"start":{"line":3,"column":37},"end":{"line":715,"column":1}}},"fnMap":{},"branchMap":{},"s":{"0":1},"f":{},"b":{},"_coverageSchema":"1a1c01bbd47fc00a2c39e90264f33305004495a9","hash":"f339c13a7cda44736d6df52e61429eb84ef364c3"}
,"/Users/jimmullen/CascadeProjects/pinelands-wildfire-app/app/utils/fireSpread.ts": {"path":"/Users/jimmullen/CascadeProjects/pinelands-wildfire-app/app/utils/fireSpread.ts","statementMap":{"0":{"start":{"line":25,"column":25},"end":{"line":25,"column":28}},"1":{"start":{"line":26,"column":25},"end":{"line":26,"column":28}},"2":{"start":{"line":27,"column":26},"end":{"line":27,"column":29}},"3":{"start":{"line":28,"column":21},"end":{"line":28,"column":24}},"4":{"start":{"line":31,"column":2},"end":{"line":39,"column":4}},"5":{"start":{"line":32,"column":4},"end":{"line":38,"column":7}},"6":{"start":{"line":32,"column":21},"end":{"line":38,"column":5}},"7":{"start":{"line":48,"column":2},"end":{"line":48,"column":32}},"8":{"start":{"line":48,"column":23},"end":{"line":48,"column":32}},"9":{"start":{"line":51,"column":13},"end":{"line":51,"column":36}},"10":{"start":{"line":52,"column":13},"end":{"line":52,"column":36}},"11":{"start":{"line":53,"column":19},"end":{"line":53,"column":47}},"12":{"start":{"line":54,"column":20},"end":{"line":54,"column":63}},"13":{"start":{"line":57,"column":20},"end":{"line":57,"column":56}},"14":{"start":{"line":58,"column":19},"end":{"line":58,"column":55}},"15":{"start":{"line":59,"column":30},"end":{"line":59,"column":66}},"16":{"start":{"line":62,"column":26},"end":{"line":62,"column":97}},"17":{"start":{"line":63,"column":2},"end":{"line":63,"column":33}},"18":{"start":{"line":66,"column":24},"end":{"line":66,"column":117}},"19":{"start":{"line":67,"column":16},"end":{"line":67,"column":77}},"20":{"start":{"line":68,"column":22},"end":{"line":68,"column":48}},"21":{"start":{"line":69,"column":2},"end":{"line":69,"column":29}},"22":{"start":{"line":72,"column":2},"end":{"line":72,"column":60}},"23":{"start":{"line":75,"column":22},"end":{"line":75,"column":63}},"24":{"start":{"line":76,"column":20},"end":{"line":76,"column":79}},"25":{"start":{"line":77,"column":2},"end":{"line":77,"column":27}},"26":{"start":{"line":79,"column":2},"end":{"line":79,"column":47}},"27":{"start":{"line":86,"column":19},"end":{"line":86,"column":43}},"28":{"start":{"line":87,"column":21},"end":{"line":87,"column":61}},"29":{"start":{"line":88,"column":20},"end":{"line":88,"column":21}},"30":{"start":{"line":91,"column":19},"end":{"line":96,"column":3}},"31":{"start":{"line":92,"column":4},"end":{"line":95,"column":5}},"32":{"start":{"line":93,"column":6},"end":{"line":94,"column":59}},"33":{"start":{"line":98,"column":2},"end":{"line":109,"column":3}},"34":{"start":{"line":99,"column":21},"end":{"line":102,"column":5}},"35":{"start":{"line":100,"column":6},"end":{"line":101,"column":59}},"36":{"start":{"line":104,"column":4},"end":{"line":108,"column":5}},"37":{"start":{"line":105,"column":6},"end":{"line":105,"column":50}},"38":{"start":{"line":106,"column":6},"end":{"line":106,"column":53}},"39":{"start":{"line":107,"column":6},"end":{"line":107,"column":54}},"40":{"start":{"line":112,"column":2},"end":{"line":155,"column":3}},"41":{"start":{"line":113,"column":24},"end":{"line":113,"column":53}},"42":{"start":{"line":116,"column":4},"end":{"line":152,"column":5}},"43":{"start":{"line":116,"column":17},"end":{"line":116,"column":18}},"44":{"start":{"line":117,"column":6},"end":{"line":151,"column":7}},"45":{"start":{"line":117,"column":19},"end":{"line":117,"column":20}},"46":{"start":{"line":118,"column":21},"end":{"line":118,"column":35}},"47":{"start":{"line":121,"column":8},"end":{"line":123,"column":9}},"48":{"start":{"line":122,"column":10},"end":{"line":122,"column":19}},"49":{"start":{"line":126,"column":35},"end":{"line":126,"column":36}},"50":{"start":{"line":127,"column":8},"end":{"line":140,"column":9}},"51":{"start":{"line":127,"column":22},"end":{"line":127,"column":24}},"52":{"start":{"line":128,"column":10},"end":{"line":139,"column":11}},"53":{"start":{"line":128,"column":24},"end":{"line":128,"column":26}},"54":{"start":{"line":129,"column":12},"end":{"line":129,"column":47}},"55":{"start":{"line":129,"column":38},"end":{"line":129,"column":47}},"56":{"start":{"line":131,"column":23},"end":{"line":131,"column":29}},"57":{"start":{"line":132,"column":23},"end":{"line":132,"column":29}},"58":{"start":{"line":134,"column":12},"end":{"line":138,"column":13}},"59":{"start":{"line":135,"column":31},"end":{"line":135,"column":47}},"60":{"start":{"line":136,"column":33},"end":{"line":136,"column":111}},"61":{"start":{"line":137,"column":14},"end":{"line":137,"column":80}},"62":{"start":{"line":143,"column":8},"end":{"line":143,"column":54}},"63":{"start":{"line":146,"column":8},"end":{"line":150,"column":9}},"64":{"start":{"line":147,"column":10},"end":{"line":147,"column":30}},"65":{"start":{"line":148,"column":10},"end":{"line":148,"column":43}},"66":{"start":{"line":149,"column":10},"end":{"line":149,"column":34}},"67":{"start":{"line":154,"column":4},"end":{"line":154,"column":18}},"68":{"start":{"line":157,"column":2},"end":{"line":157,"column":18}},"69":{"start":{"line":161,"column":2},"end":{"line":166,"column":4}},"70":{"start":{"line":162,"column":4},"end":{"line":165,"column":7}},"71":{"start":{"line":162,"column":21},"end":{"line":165,"column":5}}},"fnMap":{"0":{"name":"createFireGrid","decl":{"start":{"line":30,"column":9},"end":{"line":30,"column":23}},"loc":{"start":{"line":30,"column":62},"end":{"line":40,"column":1}},"line":30},"1":{"name":"(anonymous_1)","decl":{"start":{"line":31,"column":22},"end":{"line":31,"column":23}},"loc":{"start":{"line":32,"column":4},"end":{"line":38,"column":7}},"line":32},"2":{"name":"(anonymous_2)","decl":{"start":{"line":32,"column":12},"end":{"line":32,"column":13}},"loc":{"start":{"line":32,"column":21},"end":{"line":38,"column":5}},"line":32},"3":{"name":"calculateSpreadProbability","decl":{"start":{"line":42,"column":9},"end":{"line":42,"column":35}},"loc":{"start":{"line":47,"column":10},"end":{"line":80,"column":1}},"line":47},"4":{"name":"simulateFireSpread","decl":{"start":{"line":82,"column":16},"end":{"line":82,"column":34}},"loc":{"start":{"line":85,"column":16},"end":{"line":158,"column":1}},"line":85},"5":{"name":"(anonymous_5)","decl":{"start":{"line":91,"column":38},"end":{"line":91,"column":39}},"loc":{"start":{"line":92,"column":4},"end":{"line":95,"column":5}},"line":92},"6":{"name":"(anonymous_6)","decl":{"start":{"line":92,"column":13},"end":{"line":92,"column":14}},"loc":{"start":{"line":93,"column":6},"end":{"line":94,"column":59}},"line":93},"7":{"name":"(anonymous_7)","decl":{"start":{"line":99,"column":50},"end":{"line":99,"column":51}},"loc":{"start":{"line":100,"column":6},"end":{"line":101,"column":59}},"line":100},"8":{"name":"getFireSpreadHeatmapData","decl":{"start":{"line":160,"column":16},"end":{"line":160,"column":40}},"loc":{"start":{"line":160,"column":117},"end":{"line":167,"column":1}},"line":160},"9":{"name":"(anonymous_9)","decl":{"start":{"line":161,"column":26},"end":{"line":161,"column":27}},"loc":{"start":{"line":162,"column":4},"end":{"line":165,"column":7}},"line":162},"10":{"name":"(anonymous_10)","decl":{"start":{"line":162,"column":12},"end":{"line":162,"column":13}},"loc":{"start":{"line":162,"column":21},"end":{"line":165,"column":5}},"line":162}},"branchMap":{"0":{"loc":{"start":{"line":48,"column":2},"end":{"line":48,"column":32}},"type":"if","locations":[{"start":{"line":48,"column":2},"end":{"line":48,"column":32}},{"start":{},"end":{}}],"line":48},"1":{"loc":{"start":{"line":75,"column":37},"end":{"line":75,"column":62}},"type":"binary-expr","locations":[{"start":{"line":75,"column":37},"end":{"line":75,"column":57}},{"start":{"line":75,"column":61},"end":{"line":75,"column":62}}],"line":75},"2":{"loc":{"start":{"line":76,"column":52},"end":{"line":76,"column":76}},"type":"binary-expr","locations":[{"start":{"line":76,"column":52},"end":{"line":76,"column":71}},{"start":{"line":76,"column":75},"end":{"line":76,"column":76}}],"line":76},"3":{"loc":{"start":{"line":93,"column":6},"end":{"line":94,"column":59}},"type":"binary-expr","locations":[{"start":{"line":93,"column":6},"end":{"line":93,"column":59}},{"start":{"line":94,"column":6},"end":{"line":94,"column":59}}],"line":93},"4":{"loc":{"start":{"line":98,"column":2},"end":{"line":109,"column":3}},"type":"if","locations":[{"start":{"line":98,"column":2},"end":{"line":109,"column":3}},{"start":{},"end":{}}],"line":98},"5":{"loc":{"start":{"line":100,"column":6},"end":{"line":101,"column":59}},"type":"binary-expr","locations":[{"start":{"line":100,"column":6},"end":{"line":100,"column":59}},{"start":{"line":101,"column":6},"end":{"line":101,"column":59}}],"line":100},"6":{"loc":{"start":{"line":104,"column":4},"end":{"line":108,"column":5}},"type":"if","locations":[{"start":{"line":104,"column":4},"end":{"line":108,"column":5}},{"start":{},"end":{}}],"line":104},"7":{"loc":{"start":{"line":121,"column":8},"end":{"line":123,"column":9}},"type":"if","locations":[{"start":{"line":121,"column":8},"end":{"line":123,"column":9}},{"start":{},"end":{}}],"line":121},"8":{"loc":{"start":{"line":121,"column":12},"end":{"line":121,"column":122}},"type":"binary-expr","locations":[{"start":{"line":121,"column":12},"end":{"line":121,"column":24}},{"start":{"line":121,"column":29},"end":{"line":121,"column":56}},{"start":{"line":121,"column":60},"end":{"line":121,"column":121}}],"line":121},"9":{"loc":{"start":{"line":121,"column":97},"end":{"line":121,"column":119}},"type":"binary-expr","locations":[{"start":{"line":121,"column":97},"end":{"line":121,"column":114}},{"start":{"line":121,"column":118},"end":{"line":121,"column":119}}],"line":121},"10":{"loc":{"start":{"line":129,"column":12},"end":{"line":129,"column":47}},"type":"if","locations":[{"start":{"line":129,"column":12},"end":{"line":129,"column":47}},{"start":{},"end":{}}],"line":129},"11":{"loc":{"start":{"line":129,"column":16},"end":{"line":129,"column":36}},"type":"binary-expr","locations":[{"start":{"line":129,"column":16},"end":{"line":129,"column":24}},{"start":{"line":129,"column":28},"end":{"line":129,"column":36}}],"line":129},"12":{"loc":{"start":{"line":134,"column":12},"end":{"line":138,"column":13}},"type":"if","locations":[{"start":{"line":134,"column":12},"end":{"line":138,"column":13}},{"start":{},"end":{}}],"line":134},"13":{"loc":{"start":{"line":134,"column":16},"end":{"line":134,"column":86}},"type":"binary-expr","locations":[{"start":{"line":134,"column":16},"end":{"line":134,"column":23}},{"start":{"line":134,"column":27},"end":{"line":134,"column":47}},{"start":{"line":134,"column":51},"end":{"line":134,"column":58}},{"start":{"line":134,"column":62},"end":{"line":134,"column":86}}],"line":134},"14":{"loc":{"start":{"line":146,"column":8},"end":{"line":150,"column":9}},"type":"if","locations":[{"start":{"line":146,"column":8},"end":{"line":150,"column":9}},{"start":{},"end":{}}],"line":146},"15":{"loc":{"start":{"line":164,"column":14},"end":{"line":164,"column":55}},"type":"cond-expr","locations":[{"start":{"line":164,"column":29},"end":{"line":164,"column":30}},{"start":{"line":164,"column":33},"end":{"line":164,"column":55}}],"line":164}},"s":{"0":1,"1":1,"2":1,"3":1,"4":0,"5":0,"6":0,"7":0,"8":0,"9":0,"10":0,"11":0,"12":0,"13":0,"14":0,"15":0,"16":0,"17":0,"18":0,"19":0,"20":0,"21":0,"22":0,"23":0,"24":0,"25":0,"26":0,"27":0,"28":0,"29":0,"30":0,"31":0,"32":0,"33":0,"34":0,"35":0,"36":0,"37":0,"38":0,"39":0,"40":0,"41":0,"42":0,"43":0,"44":0,"45":0,"46":0,"47":0,"48":0,"49":0,"50":0,"51":0,"52":0,"53":0,"54":0,"55":0,"56":0,"57":0,"58":0,"59":0,"60":0,"61":0,"62":0,"63":0,"64":0,"65":0,"66":0,"67":0,"68":0,"69":0,"70":0,"71":0},"f":{"0":0,"1":0,"2":0,"3":0,"4":0,"5":0,"6":0,"7":0,"8":0,"9":0,"10":0},"b":{"0":[0,0],"1":[0,0],"2":[0,0],"3":[0,0],"4":[0,0],"5":[0,0],"6":[0,0],"7":[0,0],"8":[0,0,0],"9":[0,0],"10":[0,0],"11":[0,0],"12":[0,0],"13":[0,0,0,0],"14":[0,0],"15":[0,0]},"_coverageSchema":"1a1c01bbd47fc00a2c39e90264f33305004495a9","hash":"692550becdf1270699781d2086dfad3d0c57608b"}
,"/Users/jimmullen/CascadeProjects/pinelands-wildfire-app/app/utils/riskUtils.ts": {"path":"/Users/jimmullen/CascadeProjects/pinelands-wildfire-app/app/utils/riskUtils.ts","statementMap":{"0":{"start":{"line":4,"column":16},"end":{"line":4,"column":37}},"1":{"start":{"line":5,"column":2},"end":{"line":5,"column":48}},"2":{"start":{"line":5,"column":32},"end":{"line":5,"column":48}},"3":{"start":{"line":6,"column":2},"end":{"line":6,"column":48}},"4":{"start":{"line":6,"column":32},"end":{"line":6,"column":48}},"5":{"start":{"line":7,"column":2},"end":{"line":7,"column":47}},"6":{"start":{"line":7,"column":33},"end":{"line":7,"column":47}},"7":{"start":{"line":8,"column":2},"end":{"line":8,"column":18}},"8":{"start":{"line":12,"column":2},"end":{"line":12,"column":67}},"9":{"start":{"line":12,"column":36},"end":{"line":12,"column":58}},"10":{"start":{"line":16,"column":16},"end":{"line":16,"column":27}},"11":{"start":{"line":17,"column":20},"end":{"line":17,"column":72}},"12":{"start":{"line":17,"column":48},"end":{"line":17,"column":68}},"13":{"start":{"line":18,"column":2},"end":{"line":18,"column":34}},"14":{"start":{"line":23,"column":19},"end":{"line":23,"column":68}},"15":{"start":{"line":24,"column":23},"end":{"line":24,"column":67}},"16":{"start":{"line":25,"column":19},"end":{"line":25,"column":59}},"17":{"start":{"line":28,"column":2},"end":{"line":28,"column":68}},"18":{"start":{"line":32,"column":21},"end":{"line":32,"column":65}},"19":{"start":{"line":33,"column":16},"end":{"line":33,"column":44}},"20":{"start":{"line":34,"column":2},"end":{"line":34,"column":27}}},"fnMap":{"0":{"name":"getCurrentFireSeason","decl":{"start":{"line":3,"column":16},"end":{"line":3,"column":36}},"loc":{"start":{"line":3,"column":47},"end":{"line":9,"column":1}},"line":3},"1":{"name":"countHighRiskAreas","decl":{"start":{"line":11,"column":16},"end":{"line":11,"column":34}},"loc":{"start":{"line":11,"column":63},"end":{"line":13,"column":1}},"line":11},"2":{"name":"(anonymous_2)","decl":{"start":{"line":12,"column":28},"end":{"line":12,"column":29}},"loc":{"start":{"line":12,"column":36},"end":{"line":12,"column":58}},"line":12},"3":{"name":"calculateAverageRisk","decl":{"start":{"line":15,"column":16},"end":{"line":15,"column":36}},"loc":{"start":{"line":15,"column":65},"end":{"line":19,"column":1}},"line":15},"4":{"name":"(anonymous_4)","decl":{"start":{"line":17,"column":33},"end":{"line":17,"column":34}},"loc":{"start":{"line":17,"column":48},"end":{"line":17,"column":68}},"line":17},"5":{"name":"calculateFireRiskFromWeather","decl":{"start":{"line":21,"column":16},"end":{"line":21,"column":44}},"loc":{"start":{"line":21,"column":111},"end":{"line":29,"column":1}},"line":21},"6":{"name":"getWindDirection","decl":{"start":{"line":31,"column":16},"end":{"line":31,"column":32}},"loc":{"start":{"line":31,"column":58},"end":{"line":35,"column":1}},"line":31}},"branchMap":{"0":{"loc":{"start":{"line":5,"column":2},"end":{"line":5,"column":48}},"type":"if","locations":[{"start":{"line":5,"column":2},"end":{"line":5,"column":48}},{"start":{},"end":{}}],"line":5},"1":{"loc":{"start":{"line":5,"column":6},"end":{"line":5,"column":30}},"type":"binary-expr","locations":[{"start":{"line":5,"column":6},"end":{"line":5,"column":16}},{"start":{"line":5,"column":20},"end":{"line":5,"column":30}}],"line":5},"2":{"loc":{"start":{"line":6,"column":2},"end":{"line":6,"column":48}},"type":"if","locations":[{"start":{"line":6,"column":2},"end":{"line":6,"column":48}},{"start":{},"end":{}}],"line":6},"3":{"loc":{"start":{"line":6,"column":6},"end":{"line":6,"column":30}},"type":"binary-expr","locations":[{"start":{"line":6,"column":6},"end":{"line":6,"column":16}},{"start":{"line":6,"column":20},"end":{"line":6,"column":30}}],"line":6},"4":{"loc":{"start":{"line":7,"column":2},"end":{"line":7,"column":47}},"type":"if","locations":[{"start":{"line":7,"column":2},"end":{"line":7,"column":47}},{"start":{},"end":{}}],"line":7},"5":{"loc":{"start":{"line":7,"column":6},"end":{"line":7,"column":31}},"type":"binary-expr","locations":[{"start":{"line":7,"column":6},"end":{"line":7,"column":16}},{"start":{"line":7,"column":20},"end":{"line":7,"column":31}}],"line":7}},"s":{"0":0,"1":0,"2":0,"3":0,"4":0,"5":0,"6":0,"7":0,"8":0,"9":0,"10":0,"11":0,"12":0,"13":0,"14":0,"15":0,"16":0,"17":0,"18":1,"19":1,"20":1},"f":{"0":0,"1":0,"2":0,"3":0,"4":0,"5":0,"6":1},"b":{"0":[0,0],"1":[0,0],"2":[0,0],"3":[0,0],"4":[0,0],"5":[0,0]},"_coverageSchema":"1a1c01bbd47fc00a2c39e90264f33305004495a9","hash":"e53e19c6109e3b3f647e6c43e263cf928b4df84b"}
,"/Users/jimmullen/CascadeProjects/pinelands-wildfire-app/app/utils/terrainService.ts": {"path":"/Users/jimmullen/CascadeProjects/pinelands-wildfire-app/app/utils/terrainService.ts","statementMap":{"0":{"start":{"line":13,"column":23},"end":{"line":13,"column":55}},"1":{"start":{"line":16,"column":0},"end":{"line":30,"column":1}},"2":{"start":{"line":16,"column":15},"end":{"line":16,"column":19}},"3":{"start":{"line":17,"column":2},"end":{"line":29,"column":3}},"4":{"start":{"line":17,"column":17},"end":{"line":17,"column":22}},"5":{"start":{"line":18,"column":16},"end":{"line":18,"column":53}},"6":{"start":{"line":22,"column":26},"end":{"line":22,"column":28}},"7":{"start":{"line":23,"column":23},"end":{"line":23,"column":61}},"8":{"start":{"line":25,"column":4},"end":{"line":28,"column":7}},"9":{"start":{"line":43,"column":64},"end":{"line":143,"column":1}},"10":{"start":{"line":146,"column":24},"end":{"line":146,"column":57}},"11":{"start":{"line":149,"column":0},"end":{"line":180,"column":1}},"12":{"start":{"line":149,"column":15},"end":{"line":149,"column":19}},"13":{"start":{"line":150,"column":2},"end":{"line":179,"column":3}},"14":{"start":{"line":150,"column":17},"end":{"line":150,"column":22}},"15":{"start":{"line":151,"column":16},"end":{"line":151,"column":53}},"16":{"start":{"line":154,"column":22},"end":{"line":154,"column":61}},"17":{"start":{"line":155,"column":22},"end":{"line":155,"column":41}},"18":{"start":{"line":158,"column":4},"end":{"line":168,"column":5}},"19":{"start":{"line":159,"column":6},"end":{"line":159,"column":34}},"20":{"start":{"line":160,"column":11},"end":{"line":168,"column":5}},"21":{"start":{"line":161,"column":6},"end":{"line":161,"column":71}},"22":{"start":{"line":163,"column":16},"end":{"line":163,"column":29}},"23":{"start":{"line":164,"column":6},"end":{"line":167,"column":39}},"24":{"start":{"line":164,"column":19},"end":{"line":164,"column":47}},"25":{"start":{"line":165,"column":11},"end":{"line":167,"column":39}},"26":{"start":{"line":165,"column":24},"end":{"line":165,"column":47}},"27":{"start":{"line":166,"column":11},"end":{"line":167,"column":39}},"28":{"start":{"line":166,"column":24},"end":{"line":166,"column":48}},"29":{"start":{"line":167,"column":11},"end":{"line":167,"column":39}},"30":{"start":{"line":171,"column":21},"end":{"line":171,"column":42}},"31":{"start":{"line":172,"column":17},"end":{"line":172,"column":77}},"32":{"start":{"line":174,"column":4},"end":{"line":178,"column":7}},"33":{"start":{"line":183,"column":14},"end":{"line":183,"column":51}},"34":{"start":{"line":184,"column":2},"end":{"line":189,"column":4}},"35":{"start":{"line":193,"column":14},"end":{"line":193,"column":51}},"36":{"start":{"line":194,"column":2},"end":{"line":200,"column":4}},"37":{"start":{"line":204,"column":18},"end":{"line":204,"column":88}},"38":{"start":{"line":205,"column":2},"end":{"line":205,"column":27}},"39":{"start":{"line":205,"column":16},"end":{"line":205,"column":27}},"40":{"start":{"line":208,"column":27},"end":{"line":208,"column":53}},"41":{"start":{"line":209,"column":23},"end":{"line":209,"column":52}},"42":{"start":{"line":210,"column":23},"end":{"line":210,"column":66}},"43":{"start":{"line":211,"column":21},"end":{"line":211,"column":54}},"44":{"start":{"line":212,"column":22},"end":{"line":212,"column":46}},"45":{"start":{"line":215,"column":13},"end":{"line":215,"column":86}},"46":{"start":{"line":218,"column":23},"end":{"line":218,"column":56}},"47":{"start":{"line":219,"column":2},"end":{"line":219,"column":23}},"48":{"start":{"line":223,"column":20},"end":{"line":223,"column":44}},"49":{"start":{"line":224,"column":2},"end":{"line":224,"column":20}},"50":{"start":{"line":227,"column":28},"end":{"line":227,"column":65}},"51":{"start":{"line":228,"column":2},"end":{"line":228,"column":28}},"52":{"start":{"line":231,"column":2},"end":{"line":231,"column":40}},"53":{"start":{"line":234,"column":38},"end":{"line":234,"column":69}}},"fnMap":{"0":{"name":"getTerrainData","decl":{"start":{"line":182,"column":16},"end":{"line":182,"column":30}},"loc":{"start":{"line":182,"column":72},"end":{"line":190,"column":1}},"line":182},"1":{"name":"getVegetationData","decl":{"start":{"line":192,"column":16},"end":{"line":192,"column":33}},"loc":{"start":{"line":192,"column":76},"end":{"line":201,"column":1}},"line":192},"2":{"name":"calculateVegetationRisk","decl":{"start":{"line":203,"column":16},"end":{"line":203,"column":39}},"loc":{"start":{"line":203,"column":100},"end":{"line":232,"column":1}},"line":203}},"branchMap":{"0":{"loc":{"start":{"line":154,"column":22},"end":{"line":154,"column":61}},"type":"binary-expr","locations":[{"start":{"line":154,"column":22},"end":{"line":154,"column":56}},{"start":{"line":154,"column":60},"end":{"line":154,"column":61}}],"line":154},"1":{"loc":{"start":{"line":158,"column":4},"end":{"line":168,"column":5}},"type":"if","locations":[{"start":{"line":158,"column":4},"end":{"line":168,"column":5}},{"start":{"line":160,"column":11},"end":{"line":168,"column":5}}],"line":158},"2":{"loc":{"start":{"line":160,"column":11},"end":{"line":168,"column":5}},"type":"if","locations":[{"start":{"line":160,"column":11},"end":{"line":168,"column":5}},{"start":{"line":162,"column":11},"end":{"line":168,"column":5}}],"line":160},"3":{"loc":{"start":{"line":161,"column":17},"end":{"line":161,"column":70}},"type":"cond-expr","locations":[{"start":{"line":161,"column":39},"end":{"line":161,"column":51}},{"start":{"line":161,"column":54},"end":{"line":161,"column":70}}],"line":161},"4":{"loc":{"start":{"line":164,"column":6},"end":{"line":167,"column":39}},"type":"if","locations":[{"start":{"line":164,"column":6},"end":{"line":167,"column":39}},{"start":{"line":165,"column":11},"end":{"line":167,"column":39}}],"line":164},"5":{"loc":{"start":{"line":165,"column":11},"end":{"line":167,"column":39}},"type":"if","locations":[{"start":{"line":165,"column":11},"end":{"line":167,"column":39}},{"start":{"line":166,"column":11},"end":{"line":167,"column":39}}],"line":165},"6":{"loc":{"start":{"line":166,"column":11},"end":{"line":167,"column":39}},"type":"if","locations":[{"start":{"line":166,"column":11},"end":{"line":167,"column":39}},{"start":{"line":167,"column":11},"end":{"line":167,"column":39}}],"line":166},"7":{"loc":{"start":{"line":171,"column":21},"end":{"line":171,"column":42}},"type":"cond-expr","locations":[{"start":{"line":171,"column":33},"end":{"line":171,"column":36}},{"start":{"line":171,"column":39},"end":{"line":171,"column":42}}],"line":171},"8":{"loc":{"start":{"line":185,"column":4},"end":{"line":188,"column":5}},"type":"binary-expr","locations":[{"start":{"line":185,"column":4},"end":{"line":185,"column":27}},{"start":{"line":185,"column":31},"end":{"line":188,"column":5}}],"line":185},"9":{"loc":{"start":{"line":195,"column":4},"end":{"line":199,"column":5}},"type":"binary-expr","locations":[{"start":{"line":195,"column":4},"end":{"line":195,"column":28}},{"start":{"line":195,"column":32},"end":{"line":199,"column":5}}],"line":195},"10":{"loc":{"start":{"line":205,"column":2},"end":{"line":205,"column":27}},"type":"if","locations":[{"start":{"line":205,"column":2},"end":{"line":205,"column":27}},{"start":{},"end":{}}],"line":205}},"s":{"0":1,"1":1,"2":1,"3":121,"4":121,"5":9680,"6":9680,"7":9680,"8":9680,"9":1,"10":1,"11":1,"12":1,"13":121,"14":121,"15":9680,"16":9680,"17":9680,"18":9680,"19":1857,"20":7823,"21":3459,"22":4364,"23":4364,"24":1771,"25":2593,"26":882,"27":1711,"28":851,"29":860,"30":9680,"31":9680,"32":9680,"33":0,"34":0,"35":0,"36":0,"37":0,"38":0,"39":0,"40":0,"41":0,"42":0,"43":0,"44":0,"45":0,"46":0,"47":0,"48":0,"49":0,"50":0,"51":0,"52":0,"53":1},"f":{"0":0,"1":0,"2":0},"b":{"0":[9680,0],"1":[1857,7823],"2":[3459,4364],"3":[2050,1409],"4":[1771,2593],"5":[882,1711],"6":[851,860],"7":[1857,7823],"8":[0,0],"9":[0,0],"10":[0,0]},"_coverageSchema":"1a1c01bbd47fc00a2c39e90264f33305004495a9","hash":"92a1ef00f977f7094f3e60e48d871edb375020f5"}
,"/Users/jimmullen/CascadeProjects/pinelands-wildfire-app/app/utils/weatherService.ts": {"path":"/Users/jimmullen/CascadeProjects/pinelands-wildfire-app/app/utils/weatherService.ts","statementMap":{"0":{"start":{"line":10,"column":17},"end":{"line":10,"column":60}},"1":{"start":{"line":11,"column":2},"end":{"line":13,"column":3}},"2":{"start":{"line":12,"column":4},"end":{"line":12,"column":54}},"3":{"start":{"line":15,"column":19},"end":{"line":17,"column":3}},"4":{"start":{"line":19,"column":2},"end":{"line":21,"column":3}},"5":{"start":{"line":20,"column":4},"end":{"line":20,"column":52}},"6":{"start":{"line":23,"column":15},"end":{"line":23,"column":36}},"7":{"start":{"line":25,"column":2},"end":{"line":31,"column":4}},"8":{"start":{"line":37,"column":19},"end":{"line":37,"column":76}},"9":{"start":{"line":41,"column":23},"end":{"line":41,"column":51}},"10":{"start":{"line":45,"column":19},"end":{"line":45,"column":54}},"11":{"start":{"line":49,"column":21},"end":{"line":49,"column":59}},"12":{"start":{"line":52,"column":18},"end":{"line":57,"column":3}},"13":{"start":{"line":59,"column":2},"end":{"line":64,"column":4}}},"fnMap":{"0":{"name":"getCurrentWeather","decl":{"start":{"line":9,"column":22},"end":{"line":9,"column":39}},"loc":{"start":{"line":9,"column":88},"end":{"line":32,"column":1}},"line":9},"1":{"name":"calculateFireRiskFromWeather","decl":{"start":{"line":34,"column":16},"end":{"line":34,"column":44}},"loc":{"start":{"line":34,"column":75},"end":{"line":65,"column":1}},"line":34}},"branchMap":{"0":{"loc":{"start":{"line":11,"column":2},"end":{"line":13,"column":3}},"type":"if","locations":[{"start":{"line":11,"column":2},"end":{"line":13,"column":3}},{"start":{},"end":{}}],"line":11},"1":{"loc":{"start":{"line":19,"column":2},"end":{"line":21,"column":3}},"type":"if","locations":[{"start":{"line":19,"column":2},"end":{"line":21,"column":3}},{"start":{},"end":{}}],"line":19},"2":{"loc":{"start":{"line":29,"column":19},"end":{"line":29,"column":41}},"type":"binary-expr","locations":[{"start":{"line":29,"column":19},"end":{"line":29,"column":36}},{"start":{"line":29,"column":40},"end":{"line":29,"column":41}}],"line":29}},"s":{"0":0,"1":0,"2":0,"3":0,"4":0,"5":0,"6":0,"7":0,"8":0,"9":0,"10":0,"11":0,"12":0,"13":0},"f":{"0":0,"1":0},"b":{"0":[0,0],"1":[0,0],"2":[0,0]},"_coverageSchema":"1a1c01bbd47fc00a2c39e90264f33305004495a9","hash":"3513f8ccdb6d178940b24d48476e5da15e33ee8d"}
,"/Users/jimmullen/CascadeProjects/pinelands-wildfire-app/app/utils/wildfireAnalysis.ts": {"path":"/Users/jimmullen/CascadeProjects/pinelands-wildfire-app/app/utils/wildfireAnalysis.ts","statementMap":{"0":{"start":{"line":32,"column":22},"end":{"line":37,"column":1}},"1":{"start":{"line":39,"column":18},"end":{"line":39,"column":22}},"2":{"start":{"line":42,"column":15},"end":{"line":42,"column":81}},"3":{"start":{"line":43,"column":15},"end":{"line":43,"column":79}},"4":{"start":{"line":45,"column":29},"end":{"line":45,"column":31}},"5":{"start":{"line":47,"column":2},"end":{"line":76,"column":3}},"6":{"start":{"line":47,"column":15},"end":{"line":47,"column":16}},"7":{"start":{"line":48,"column":4},"end":{"line":48,"column":17}},"8":{"start":{"line":49,"column":4},"end":{"line":75,"column":5}},"9":{"start":{"line":49,"column":17},"end":{"line":49,"column":18}},"10":{"start":{"line":50,"column":18},"end":{"line":50,"column":55}},"11":{"start":{"line":51,"column":18},"end":{"line":51,"column":54}},"12":{"start":{"line":53,"column":22},"end":{"line":53,"column":46}},"13":{"start":{"line":54,"column":25},"end":{"line":54,"column":52}},"14":{"start":{"line":55,"column":29},"end":{"line":55,"column":73}},"15":{"start":{"line":57,"column":6},"end":{"line":74,"column":8}},"16":{"start":{"line":78,"column":2},"end":{"line":78,"column":14}},"17":{"start":{"line":82,"column":16},"end":{"line":82,"column":31}},"18":{"start":{"line":84,"column":23},"end":{"line":97,"column":17}},"19":{"start":{"line":99,"column":2},"end":{"line":99,"column":22}},"20":{"start":{"line":103,"column":2},"end":{"line":111,"column":3}},"21":{"start":{"line":104,"column":4},"end":{"line":110,"column":6}},"22":{"start":{"line":114,"column":19},"end":{"line":114,"column":88}},"23":{"start":{"line":117,"column":23},"end":{"line":117,"column":93}},"24":{"start":{"line":120,"column":19},"end":{"line":120,"column":85}},"25":{"start":{"line":122,"column":2},"end":{"line":128,"column":4}},"26":{"start":{"line":133,"column":2},"end":{"line":140,"column":5}},"27":{"start":{"line":134,"column":16},"end":{"line":134,"column":81}},"28":{"start":{"line":135,"column":16},"end":{"line":135,"column":80}},"29":{"start":{"line":137,"column":4},"end":{"line":139,"column":5}},"30":{"start":{"line":138,"column":6},"end":{"line":138,"column":39}},"31":{"start":{"line":143,"column":17},"end":{"line":143,"column":18}},"32":{"start":{"line":144,"column":2},"end":{"line":148,"column":5}},"33":{"start":{"line":145,"column":4},"end":{"line":147,"column":7}},"34":{"start":{"line":146,"column":6},"end":{"line":146,"column":58}},"35":{"start":{"line":151,"column":2},"end":{"line":157,"column":3}},"36":{"start":{"line":152,"column":4},"end":{"line":156,"column":7}},"37":{"start":{"line":153,"column":6},"end":{"line":155,"column":9}},"38":{"start":{"line":154,"column":8},"end":{"line":154,"column":57}},"39":{"start":{"line":162,"column":25},"end":{"line":168,"column":3}},"40":{"start":{"line":171,"column":22},"end":{"line":173,"column":7}},"41":{"start":{"line":172,"column":4},"end":{"line":172,"column":67}},"42":{"start":{"line":176,"column":28},"end":{"line":176,"column":75}},"43":{"start":{"line":179,"column":19},"end":{"line":179,"column":50}},"44":{"start":{"line":182,"column":16},"end":{"line":182,"column":55}},"45":{"start":{"line":183,"column":24},"end":{"line":183,"column":40}},"46":{"start":{"line":186,"column":18},"end":{"line":186,"column":42}},"47":{"start":{"line":189,"column":2},"end":{"line":189,"column":50}},"48":{"start":{"line":191,"column":2},"end":{"line":191,"column":19}},"49":{"start":{"line":200,"column":2},"end":{"line":200,"column":42}},"50":{"start":{"line":203,"column":25},"end":{"line":203,"column":61}},"51":{"start":{"line":206,"column":2},"end":{"line":217,"column":5}},"52":{"start":{"line":207,"column":4},"end":{"line":216,"column":7}},"53":{"start":{"line":209,"column":39},"end":{"line":212,"column":7}},"54":{"start":{"line":215,"column":6},"end":{"line":215,"column":61}},"55":{"start":{"line":219,"column":2},"end":{"line":219,"column":14}}},"fnMap":{"0":{"name":"createAnalysisGrid","decl":{"start":{"line":41,"column":16},"end":{"line":41,"column":34}},"loc":{"start":{"line":41,"column":51},"end":{"line":79,"column":1}},"line":41},"1":{"name":"calculateSeasonalRisk","decl":{"start":{"line":81,"column":16},"end":{"line":81,"column":37}},"loc":{"start":{"line":81,"column":58},"end":{"line":100,"column":1}},"line":81},"2":{"name":"normalizeWeatherData","decl":{"start":{"line":102,"column":16},"end":{"line":102,"column":36}},"loc":{"start":{"line":102,"column":100},"end":{"line":129,"column":1}},"line":102},"3":{"name":"calculateHistoricalDensity","decl":{"start":{"line":131,"column":16},"end":{"line":131,"column":42}},"loc":{"start":{"line":131,"column":88},"end":{"line":158,"column":1}},"line":131},"4":{"name":"(anonymous_4)","decl":{"start":{"line":133,"column":16},"end":{"line":133,"column":17}},"loc":{"start":{"line":133,"column":24},"end":{"line":140,"column":3}},"line":133},"5":{"name":"(anonymous_5)","decl":{"start":{"line":144,"column":15},"end":{"line":144,"column":16}},"loc":{"start":{"line":144,"column":22},"end":{"line":148,"column":3}},"line":144},"6":{"name":"(anonymous_6)","decl":{"start":{"line":145,"column":16},"end":{"line":145,"column":17}},"loc":{"start":{"line":145,"column":24},"end":{"line":147,"column":5}},"line":145},"7":{"name":"(anonymous_7)","decl":{"start":{"line":152,"column":17},"end":{"line":152,"column":18}},"loc":{"start":{"line":152,"column":24},"end":{"line":156,"column":5}},"line":152},"8":{"name":"(anonymous_8)","decl":{"start":{"line":153,"column":18},"end":{"line":153,"column":19}},"loc":{"start":{"line":153,"column":26},"end":{"line":155,"column":7}},"line":153},"9":{"name":"calculateRiskScore","decl":{"start":{"line":160,"column":16},"end":{"line":160,"column":34}},"loc":{"start":{"line":160,"column":81},"end":{"line":192,"column":1}},"line":160},"10":{"name":"(anonymous_10)","decl":{"start":{"line":171,"column":60},"end":{"line":171,"column":61}},"loc":{"start":{"line":171,"column":89},"end":{"line":173,"column":3}},"line":171},"11":{"name":"updateRiskMap","decl":{"start":{"line":194,"column":16},"end":{"line":194,"column":29}},"loc":{"start":{"line":198,"column":16},"end":{"line":220,"column":1}},"line":198},"12":{"name":"(anonymous_12)","decl":{"start":{"line":206,"column":15},"end":{"line":206,"column":16}},"loc":{"start":{"line":206,"column":22},"end":{"line":217,"column":3}},"line":206},"13":{"name":"(anonymous_13)","decl":{"start":{"line":207,"column":16},"end":{"line":207,"column":17}},"loc":{"start":{"line":207,"column":24},"end":{"line":216,"column":5}},"line":207}},"branchMap":{"0":{"loc":{"start":{"line":84,"column":23},"end":{"line":97,"column":17}},"type":"binary-expr","locations":[{"start":{"line":84,"column":23},"end":{"line":97,"column":10}},{"start":{"line":97,"column":14},"end":{"line":97,"column":17}}],"line":84},"1":{"loc":{"start":{"line":103,"column":2},"end":{"line":111,"column":3}},"type":"if","locations":[{"start":{"line":103,"column":2},"end":{"line":111,"column":3}},{"start":{},"end":{}}],"line":103},"2":{"loc":{"start":{"line":114,"column":38},"end":{"line":114,"column":73}},"type":"binary-expr","locations":[{"start":{"line":114,"column":38},"end":{"line":114,"column":67}},{"start":{"line":114,"column":71},"end":{"line":114,"column":73}}],"line":114},"3":{"loc":{"start":{"line":117,"column":46},"end":{"line":117,"column":78}},"type":"binary-expr","locations":[{"start":{"line":117,"column":46},"end":{"line":117,"column":72}},{"start":{"line":117,"column":76},"end":{"line":117,"column":78}}],"line":117},"4":{"loc":{"start":{"line":120,"column":38},"end":{"line":120,"column":71}},"type":"binary-expr","locations":[{"start":{"line":120,"column":38},"end":{"line":120,"column":65}},{"start":{"line":120,"column":69},"end":{"line":120,"column":71}}],"line":120},"5":{"loc":{"start":{"line":137,"column":4},"end":{"line":139,"column":5}},"type":"if","locations":[{"start":{"line":137,"column":4},"end":{"line":139,"column":5}},{"start":{},"end":{}}],"line":137},"6":{"loc":{"start":{"line":137,"column":8},"end":{"line":137,"column":73}},"type":"binary-expr","locations":[{"start":{"line":137,"column":8},"end":{"line":137,"column":16}},{"start":{"line":137,"column":20},"end":{"line":137,"column":37}},{"start":{"line":137,"column":41},"end":{"line":137,"column":49}},{"start":{"line":137,"column":53},"end":{"line":137,"column":73}}],"line":137},"7":{"loc":{"start":{"line":151,"column":2},"end":{"line":157,"column":3}},"type":"if","locations":[{"start":{"line":151,"column":2},"end":{"line":157,"column":3}},{"start":{},"end":{}}],"line":151}},"s":{"0":1,"1":1,"2":0,"3":0,"4":0,"5":0,"6":0,"7":0,"8":0,"9":0,"10":0,"11":0,"12":0,"13":0,"14":0,"15":0,"16":0,"17":0,"18":0,"19":0,"20":0,"21":0,"22":0,"23":0,"24":0,"25":0,"26":0,"27":0,"28":0,"29":0,"30":0,"31":0,"32":0,"33":0,"34":0,"35":0,"36":0,"37":0,"38":0,"39":0,"40":0,"41":0,"42":0,"43":0,"44":0,"45":0,"46":0,"47":0,"48":0,"49":0,"50":0,"51":0,"52":0,"53":0,"54":0,"55":0},"f":{"0":0,"1":0,"2":0,"3":0,"4":0,"5":0,"6":0,"7":0,"8":0,"9":0,"10":0,"11":0,"12":0,"13":0},"b":{"0":[0,0],"1":[0,0],"2":[0,0],"3":[0,0],"4":[0,0],"5":[0,0],"6":[0,0,0,0],"7":[0,0]},"_coverageSchema":"1a1c01bbd47fc00a2c39e90264f33305004495a9","hash":"0ca09c60be3b41cae59491843ced95fc8fe8b5f2"}
}
