TN:
SF:app/components/WildfireRiskMap.tsx
FN:35,WildfireRiskMap
FN:50,(anonymous_1)
FN:52,(anonymous_2)
FN:97,(anonymous_3)
FN:109,(anonymous_4)
FN:112,(anonymous_5)
FN:125,(anonymous_6)
FN:126,(anonymous_7)
FN:135,(anonymous_8)
FN:143,(anonymous_9)
FN:164,(anonymous_10)
FN:165,(anonymous_11)
FN:178,(anonymous_12)
FN:184,(anonymous_13)
FN:271,(anonymous_14)
FN:271,(anonymous_15)
FN:283,(anonymous_16)
FN:283,(anonymous_17)
FN:295,(anonymous_18)
FN:295,(anonymous_19)
FN:301,(anonymous_20)
FNF:21
FNH:5
FNDA:4,WildfireRiskMap
FNDA:2,(anonymous_1)
FNDA:2,(anonymous_2)
FNDA:2,(anonymous_3)
FNDA:2,(anonymous_4)
FNDA:0,(anonymous_5)
FNDA:0,(anonymous_6)
FNDA:0,(anonymous_7)
FNDA:0,(anonymous_8)
FNDA:0,(anonymous_9)
FNDA:0,(anonymous_10)
FNDA:0,(anonymous_11)
FNDA:0,(anonymous_12)
FNDA:0,(anonymous_13)
FNDA:0,(anonymous_14)
FNDA:0,(anonymous_15)
FNDA:0,(anonymous_16)
FNDA:0,(anonymous_17)
FNDA:0,(anonymous_18)
FNDA:0,(anonymous_19)
FNDA:0,(anonymous_20)
DA:36,4
DA:37,3
DA:38,3
DA:39,3
DA:40,3
DA:41,3
DA:42,3
DA:43,3
DA:44,3
DA:50,3
DA:52,2
DA:53,2
DA:54,2
DA:56,0
DA:69,0
DA:70,0
DA:73,0
DA:94,0
DA:97,2
DA:98,2
DA:99,2
DA:100,2
DA:101,2
DA:103,0
DA:106,2
DA:109,3
DA:110,2
DA:112,0
DA:113,0
DA:115,0
DA:116,0
DA:117,0
DA:120,0
DA:121,0
DA:122,0
DA:125,0
DA:126,0
DA:132,0
DA:135,0
DA:136,0
DA:137,0
DA:139,0
DA:140,0
DA:143,0
DA:144,0
DA:145,0
DA:146,0
DA:149,0
DA:151,0
DA:153,0
DA:164,0
DA:165,0
DA:171,0
DA:176,0
DA:178,0
DA:179,0
DA:182,0
DA:183,0
DA:184,0
DA:188,0
DA:191,3
DA:271,0
DA:283,0
DA:295,0
DA:301,0
LF:65
LH:22
BRDA:54,0,0,2
BRDA:54,0,1,0
BRDA:98,1,0,2
BRDA:98,1,1,0
BRDA:98,2,0,2
BRDA:98,2,1,2
BRDA:110,3,0,2
BRDA:110,3,1,0
BRDA:110,4,0,2
BRDA:110,4,1,0
BRDA:137,5,0,0
BRDA:137,5,1,0
BRDA:146,6,0,0
BRDA:146,6,1,0
BRDA:149,7,0,0
BRDA:149,7,1,0
BRDA:151,8,0,0
BRDA:151,8,1,0
BRDA:151,9,0,0
BRDA:151,9,1,0
BRDA:167,10,0,0
BRDA:167,10,1,0
BRDA:183,11,0,0
BRDA:183,11,1,0
BRDA:193,12,0,2
BRDA:193,12,1,1
BRDA:214,13,0,0
BRDA:214,13,1,1
BRDA:218,14,0,1
BRDA:218,14,1,0
BRDA:229,15,0,1
BRDA:229,15,1,0
BRDA:235,16,0,0
BRDA:235,16,1,0
BRDA:244,17,0,1
BRDA:244,17,1,0
BRDA:304,18,0,0
BRDA:304,18,1,1
BRF:38
BRH:13
end_of_record
TN:
SF:app/data/wildfires.ts
FNF:0
FNH:0
DA:3,1
LF:1
LH:1
BRF:0
BRH:0
end_of_record
TN:
SF:app/utils/fireSpread.ts
FN:30,createFireGrid
FN:31,(anonymous_1)
FN:32,(anonymous_2)
FN:42,calculateSpreadProbability
FN:82,simulateFireSpread
FN:91,(anonymous_5)
FN:92,(anonymous_6)
FN:99,(anonymous_7)
FN:160,getFireSpreadHeatmapData
FN:161,(anonymous_9)
FN:162,(anonymous_10)
FNF:11
FNH:0
FNDA:0,createFireGrid
FNDA:0,(anonymous_1)
FNDA:0,(anonymous_2)
FNDA:0,calculateSpreadProbability
FNDA:0,simulateFireSpread
FNDA:0,(anonymous_5)
FNDA:0,(anonymous_6)
FNDA:0,(anonymous_7)
FNDA:0,getFireSpreadHeatmapData
FNDA:0,(anonymous_9)
FNDA:0,(anonymous_10)
DA:25,1
DA:26,1
DA:27,1
DA:28,1
DA:31,0
DA:32,0
DA:48,0
DA:51,0
DA:52,0
DA:53,0
DA:54,0
DA:57,0
DA:58,0
DA:59,0
DA:62,0
DA:63,0
DA:66,0
DA:67,0
DA:68,0
DA:69,0
DA:72,0
DA:75,0
DA:76,0
DA:77,0
DA:79,0
DA:86,0
DA:87,0
DA:88,0
DA:91,0
DA:92,0
DA:93,0
DA:98,0
DA:99,0
DA:100,0
DA:104,0
DA:105,0
DA:106,0
DA:107,0
DA:112,0
DA:113,0
DA:116,0
DA:117,0
DA:118,0
DA:121,0
DA:122,0
DA:126,0
DA:127,0
DA:128,0
DA:129,0
DA:131,0
DA:132,0
DA:134,0
DA:135,0
DA:136,0
DA:137,0
DA:143,0
DA:146,0
DA:147,0
DA:148,0
DA:149,0
DA:154,0
DA:157,0
DA:161,0
DA:162,0
LF:64
LH:4
BRDA:48,0,0,0
BRDA:48,0,1,0
BRDA:75,1,0,0
BRDA:75,1,1,0
BRDA:76,2,0,0
BRDA:76,2,1,0
BRDA:93,3,0,0
BRDA:93,3,1,0
BRDA:98,4,0,0
BRDA:98,4,1,0
BRDA:100,5,0,0
BRDA:100,5,1,0
BRDA:104,6,0,0
BRDA:104,6,1,0
BRDA:121,7,0,0
BRDA:121,7,1,0
BRDA:121,8,0,0
BRDA:121,8,1,0
BRDA:121,8,2,0
BRDA:121,9,0,0
BRDA:121,9,1,0
BRDA:129,10,0,0
BRDA:129,10,1,0
BRDA:129,11,0,0
BRDA:129,11,1,0
BRDA:134,12,0,0
BRDA:134,12,1,0
BRDA:134,13,0,0
BRDA:134,13,1,0
BRDA:134,13,2,0
BRDA:134,13,3,0
BRDA:146,14,0,0
BRDA:146,14,1,0
BRDA:164,15,0,0
BRDA:164,15,1,0
BRF:35
BRH:0
end_of_record
TN:
SF:app/utils/riskUtils.ts
FN:3,getCurrentFireSeason
FN:11,countHighRiskAreas
FN:12,(anonymous_2)
FN:15,calculateAverageRisk
FN:17,(anonymous_4)
FN:21,calculateFireRiskFromWeather
FN:31,getWindDirection
FNF:7
FNH:1
FNDA:0,getCurrentFireSeason
FNDA:0,countHighRiskAreas
FNDA:0,(anonymous_2)
FNDA:0,calculateAverageRisk
FNDA:0,(anonymous_4)
FNDA:0,calculateFireRiskFromWeather
FNDA:1,getWindDirection
DA:4,0
DA:5,0
DA:6,0
DA:7,0
DA:8,0
DA:12,0
DA:16,0
DA:17,0
DA:18,0
DA:23,0
DA:24,0
DA:25,0
DA:28,0
DA:32,1
DA:33,1
DA:34,1
LF:16
LH:3
BRDA:5,0,0,0
BRDA:5,0,1,0
BRDA:5,1,0,0
BRDA:5,1,1,0
BRDA:6,2,0,0
BRDA:6,2,1,0
BRDA:6,3,0,0
BRDA:6,3,1,0
BRDA:7,4,0,0
BRDA:7,4,1,0
BRDA:7,5,0,0
BRDA:7,5,1,0
BRF:12
BRH:0
end_of_record
TN:
SF:app/utils/terrainService.ts
FN:182,getTerrainData
FN:192,getVegetationData
FN:203,calculateVegetationRisk
FNF:3
FNH:0
FNDA:0,getTerrainData
FNDA:0,getVegetationData
FNDA:0,calculateVegetationRisk
DA:13,1
DA:16,1
DA:17,121
DA:18,9680
DA:22,9680
DA:23,9680
DA:25,9680
DA:43,1
DA:146,1
DA:149,1
DA:150,121
DA:151,9680
DA:154,9680
DA:155,9680
DA:158,9680
DA:159,1857
DA:160,7823
DA:161,3459
DA:163,4364
DA:164,4364
DA:165,2593
DA:166,1711
DA:167,860
DA:171,9680
DA:172,9680
DA:174,9680
DA:183,0
DA:184,0
DA:193,0
DA:194,0
DA:204,0
DA:205,0
DA:208,0
DA:209,0
DA:210,0
DA:211,0
DA:212,0
DA:215,0
DA:218,0
DA:219,0
DA:223,0
DA:224,0
DA:227,0
DA:228,0
DA:231,0
DA:234,1
LF:46
LH:27
BRDA:154,0,0,9680
BRDA:154,0,1,0
BRDA:158,1,0,1857
BRDA:158,1,1,7823
BRDA:160,2,0,3459
BRDA:160,2,1,4364
BRDA:161,3,0,2050
BRDA:161,3,1,1409
BRDA:164,4,0,1771
BRDA:164,4,1,2593
BRDA:165,5,0,882
BRDA:165,5,1,1711
BRDA:166,6,0,851
BRDA:166,6,1,860
BRDA:171,7,0,1857
BRDA:171,7,1,7823
BRDA:185,8,0,0
BRDA:185,8,1,0
BRDA:195,9,0,0
BRDA:195,9,1,0
BRDA:205,10,0,0
BRDA:205,10,1,0
BRF:22
BRH:15
end_of_record
TN:
SF:app/utils/weatherService.ts
FN:9,getCurrentWeather
FN:34,calculateFireRiskFromWeather
FNF:2
FNH:0
FNDA:0,getCurrentWeather
FNDA:0,calculateFireRiskFromWeather
DA:10,0
DA:11,0
DA:12,0
DA:15,0
DA:19,0
DA:20,0
DA:23,0
DA:25,0
DA:37,0
DA:41,0
DA:45,0
DA:49,0
DA:52,0
DA:59,0
LF:14
LH:0
BRDA:11,0,0,0
BRDA:11,0,1,0
BRDA:19,1,0,0
BRDA:19,1,1,0
BRDA:29,2,0,0
BRDA:29,2,1,0
BRF:6
BRH:0
end_of_record
TN:
SF:app/utils/wildfireAnalysis.ts
FN:41,createAnalysisGrid
FN:81,calculateSeasonalRisk
FN:102,normalizeWeatherData
FN:131,calculateHistoricalDensity
FN:133,(anonymous_4)
FN:144,(anonymous_5)
FN:145,(anonymous_6)
FN:152,(anonymous_7)
FN:153,(anonymous_8)
FN:160,calculateRiskScore
FN:171,(anonymous_10)
FN:194,updateRiskMap
FN:206,(anonymous_12)
FN:207,(anonymous_13)
FNF:14
FNH:0
FNDA:0,createAnalysisGrid
FNDA:0,calculateSeasonalRisk
FNDA:0,normalizeWeatherData
FNDA:0,calculateHistoricalDensity
FNDA:0,(anonymous_4)
FNDA:0,(anonymous_5)
FNDA:0,(anonymous_6)
FNDA:0,(anonymous_7)
FNDA:0,(anonymous_8)
FNDA:0,calculateRiskScore
FNDA:0,(anonymous_10)
FNDA:0,updateRiskMap
FNDA:0,(anonymous_12)
FNDA:0,(anonymous_13)
DA:32,1
DA:39,1
DA:42,0
DA:43,0
DA:45,0
DA:47,0
DA:48,0
DA:49,0
DA:50,0
DA:51,0
DA:53,0
DA:54,0
DA:55,0
DA:57,0
DA:78,0
DA:82,0
DA:84,0
DA:99,0
DA:103,0
DA:104,0
DA:114,0
DA:117,0
DA:120,0
DA:122,0
DA:133,0
DA:134,0
DA:135,0
DA:137,0
DA:138,0
DA:143,0
DA:144,0
DA:145,0
DA:146,0
DA:151,0
DA:152,0
DA:153,0
DA:154,0
DA:162,0
DA:171,0
DA:172,0
DA:176,0
DA:179,0
DA:182,0
DA:183,0
DA:186,0
DA:189,0
DA:191,0
DA:200,0
DA:203,0
DA:206,0
DA:207,0
DA:209,0
DA:215,0
DA:219,0
LF:54
LH:2
BRDA:84,0,0,0
BRDA:84,0,1,0
BRDA:103,1,0,0
BRDA:103,1,1,0
BRDA:114,2,0,0
BRDA:114,2,1,0
BRDA:117,3,0,0
BRDA:117,3,1,0
BRDA:120,4,0,0
BRDA:120,4,1,0
BRDA:137,5,0,0
BRDA:137,5,1,0
BRDA:137,6,0,0
BRDA:137,6,1,0
BRDA:137,6,2,0
BRDA:137,6,3,0
BRDA:151,7,0,0
BRDA:151,7,1,0
BRF:18
BRH:0
end_of_record
